<?xml version="1.0" encoding="UTF-8"?>
<testsuite name="pl.edu.mimuw.MatrixNormTest$NormInfinityTest" tests="8" skipped="0" failures="0" errors="0" timestamp="2022-05-21T11:54:11" hostname="wojtek-Swift-SF315-51G" time="0.347">
  <properties/>
  <testcase name="testVector()" classname="pl.edu.mimuw.MatrixNormTest$NormInfinityTest" time="0.067"/>
  <testcase name="testAntiDiagonal()" classname="pl.edu.mimuw.MatrixNormTest$NormInfinityTest" time="0.068"/>
  <testcase name="testFullMatrices()" classname="pl.edu.mimuw.MatrixNormTest$NormInfinityTest" time="0.003"/>
  <testcase name="testSparseMatrices()" classname="pl.edu.mimuw.MatrixNormTest$NormInfinityTest" time="0.057"/>
  <testcase name="testDiagonal()" classname="pl.edu.mimuw.MatrixNormTest$NormInfinityTest" time="0.002"/>
  <testcase name="testZeroLarge()" classname="pl.edu.mimuw.MatrixNormTest$NormInfinityTest" time="0.004"/>
  <testcase name="testAntiDiagonalLarge()" classname="pl.edu.mimuw.MatrixNormTest$NormInfinityTest" time="0.152"/>
  <testcase name="testDiagonalLarge()" classname="pl.edu.mimuw.MatrixNormTest$NormInfinityTest" time="0.172"/>
  <system-out><![CDATA[]]></system-out>
  <system-err><![CDATA[]]></system-err>
</testsuite>
