<?xml version="1.0" encoding="UTF-8"?>
<testsuite name="pl.edu.mimuw.MatrixNormTest$FrobeniusNormTest" tests="8" skipped="0" failures="0" errors="0" timestamp="2022-05-21T11:54:11" hostname="wojtek-Swift-SF315-51G" time="0.261">
  <properties/>
  <testcase name="testVector()" classname="pl.edu.mimuw.MatrixNormTest$FrobeniusNormTest" time="0.062"/>
  <testcase name="testAntiDiagonalLarge()" classname="pl.edu.mimuw.MatrixNormTest$FrobeniusNormTest" time="0.047"/>
  <testcase name="testDiagonalLarge()" classname="pl.edu.mimuw.MatrixNormTest$FrobeniusNormTest" time="0.01"/>
  <testcase name="testZeroLarge()" classname="pl.edu.mimuw.MatrixNormTest$FrobeniusNormTest" time="0.008"/>
  <testcase name="testDiagonal()" classname="pl.edu.mimuw.MatrixNormTest$FrobeniusNormTest" time="0.007"/>
  <testcase name="testSparseMatrices()" classname="pl.edu.mimuw.MatrixNormTest$FrobeniusNormTest" time="0.004"/>
  <testcase name="testFullMatrices()" classname="pl.edu.mimuw.MatrixNormTest$FrobeniusNormTest" time="0.005"/>
  <testcase name="testAntiDiagonal()" classname="pl.edu.mimuw.MatrixNormTest$FrobeniusNormTest" time="0.001"/>
  <system-out><![CDATA[]]></system-out>
  <system-err><![CDATA[]]></system-err>
</testsuite>
